app/build/intermediates/manifest_merge_blame_file/debug/manifest-merger-blame-debug-report.txt
1<?xml version="1.0" encoding="utf-8"?>
2<manifest xmlns:android="http://schemas.android.com/apk/res/android"
3    package="com.example.miwok"
4    android:versionCode="1"
5    android:versionName="1.0" >
6
7    <uses-sdk
8        android:minSdkVersion="24"
8-->src/main/AndroidManifest.xml
9        android:targetSdkVersion="30" />
9-->src/main/AndroidManifest.xml
10
11    <application
11-->src/main/AndroidManifest.xml:5:5-50:19
12        android:allowBackup="true"
12-->src/main/AndroidManifest.xml:6:9-35
13        android:appComponentFactory="androidx.core.app.CoreComponentFactory"
13-->[androidx.core:core:1.3.1] AndroidManifest.xml:24:18-86
14        android:debuggable="true"
15        android:extractNativeLibs="false"
16        android:icon="@drawable/ic_launcher"
16-->src/main/AndroidManifest.xml:7:9-45
17        android:label="@string/app_name"
17-->src/main/AndroidManifest.xml:8:9-41
18        android:roundIcon="@drawable/ic_launcher"
18-->src/main/AndroidManifest.xml:9:9-50
19        android:supportsRtl="true"
19-->src/main/AndroidManifest.xml:10:9-35
20        android:testOnly="true"
21        android:theme="@style/Theme.Miwok" >
21-->src/main/AndroidManifest.xml:11:9-43
22        <activity
22-->src/main/AndroidManifest.xml:12:9-19:61
23            android:name="com.example.miwok.PhrasesActivity"
23-->src/main/AndroidManifest.xml:13:13-44
24            android:label="@string/category_phrases"
24-->src/main/AndroidManifest.xml:14:13-53
25            android:parentActivityName="com.example.miwok.NumberActivity" >
25-->src/main/AndroidManifest.xml:15:13-57
26
27            <!-- Parent activity meta-data to support 4.0 and lower -->
28            <meta-data
28-->src/main/AndroidManifest.xml:17:13-19:50
29                android:name="android.support.PARENT_ACTIVITY"
29-->src/main/AndroidManifest.xml:18:17-63
30                android:value=".NumberActivity" />
30-->src/main/AndroidManifest.xml:19:17-48
31        </activity>
32        <activity
32-->src/main/AndroidManifest.xml:20:9-27:59
33            android:name="com.example.miwok.FamilyMembersActivity"
33-->src/main/AndroidManifest.xml:21:13-50
34            android:label="@string/category_family"
34-->src/main/AndroidManifest.xml:22:13-52
35            android:parentActivityName="com.example.miwok.MainActivity" >
35-->src/main/AndroidManifest.xml:23:13-55
36
37            <!-- Parent activity meta-data to support 4.0 and lower -->
38            <meta-data
38-->src/main/AndroidManifest.xml:17:13-19:50
39                android:name="android.support.PARENT_ACTIVITY"
39-->src/main/AndroidManifest.xml:18:17-63
40                android:value=".MainActivity" />
40-->src/main/AndroidManifest.xml:19:17-48
41        </activity>
42        <activity
42-->src/main/AndroidManifest.xml:28:9-35:59
43            android:name="com.example.miwok.ColorsActivity"
43-->src/main/AndroidManifest.xml:29:13-43
44            android:label="@string/category_colors"
44-->src/main/AndroidManifest.xml:30:13-52
45            android:parentActivityName="com.example.miwok.MainActivity" >
45-->src/main/AndroidManifest.xml:31:13-55
46
47            <!-- Parent activity meta-data to support 4.0 and lower -->
48            <meta-data
48-->src/main/AndroidManifest.xml:17:13-19:50
49                android:name="android.support.PARENT_ACTIVITY"
49-->src/main/AndroidManifest.xml:18:17-63
50                android:value=".MainActivity" />
50-->src/main/AndroidManifest.xml:19:17-48
51        </activity>
52        <activity
52-->src/main/AndroidManifest.xml:36:9-43:59
53            android:name="com.example.miwok.NumberActivity"
53-->src/main/AndroidManifest.xml:37:13-43
54            android:label="@string/category_numbers"
54-->src/main/AndroidManifest.xml:38:13-53
55            android:parentActivityName="com.example.miwok.MainActivity" >
55-->src/main/AndroidManifest.xml:39:13-55
56
57            <!-- Parent activity meta-data to support 4.0 and lower -->
58            <meta-data
58-->src/main/AndroidManifest.xml:17:13-19:50
59                android:name="android.support.PARENT_ACTIVITY"
59-->src/main/AndroidManifest.xml:18:17-63
60                android:value=".MainActivity" />
60-->src/main/AndroidManifest.xml:19:17-48
61        </activity>
62        <activity android:name="com.example.miwok.MainActivity" >
62-->src/main/AndroidManifest.xml:44:9-49:20
62-->src/main/AndroidManifest.xml:44:19-47
63            <intent-filter>
63-->src/main/AndroidManifest.xml:45:13-48:29
64                <action android:name="android.intent.action.MAIN" />
64-->src/main/AndroidManifest.xml:46:17-69
64-->src/main/AndroidManifest.xml:46:25-66
65
66                <category android:name="android.intent.category.LAUNCHER" />
66-->src/main/AndroidManifest.xml:47:17-77
66-->src/main/AndroidManifest.xml:47:27-74
67            </intent-filter>
68        </activity>
69    </application>
70
71</manifest>